2025-11-22 22:03:56,812 - INFO - HTTP Request: POST https://bsky.social/xrpc/com.atproto.server.createSession "HTTP/1.1 200 OK"
2025-11-22 22:03:57,089 - INFO - HTTP Request: GET https://agrocybe.us-west.host.bsky.network/xrpc/app.bsky.actor.getProfile?actor=idontrespectwood.bsky.social "HTTP/1.1 200 OK"
2025-11-22 22:03:57,090 - INFO - Logged in to Bluesky as idontrespectwood.bsky.social
2025-11-22 22:03:57,090 - INFO - Initialized Twitter API v2 client
2025-11-22 22:03:57,090 - INFO - Starting Larry David Bot scheduler...
2025-11-22 22:03:57,090 - INFO - Posting initial quote...
2025-11-22 22:04:00,965 - INFO - HTTP Request: POST https://agrocybe.us-west.host.bsky.network/xrpc/com.atproto.repo.createRecord "HTTP/1.1 200 OK"
2025-11-22 22:04:00,967 - INFO - Posted to Bluesky: The air kiss. A promise of germs but no actual contact? Commit to the cheek or stay home. I mean, the inefficiency. You know?
2025-11-22 22:04:01,222 - INFO - Successfully tweeted quote (ID: 1992474195230699865)
2025-11-22 22:04:01,222 - INFO - Posted quote: The air kiss. A promise of germs but no actual contact? Commit to the cheek or stay home. I mean, the inefficiency. You know?
2025-11-22 22:04:22,769 - INFO - Bot stopped by user
2025-11-26 13:23:54,115 - WARNING - Could not load recent posts cache: Expecting value: line 1 column 1 (char 0)
2025-11-26 13:23:54,489 - INFO - HTTP Request: POST https://bsky.social/xrpc/com.atproto.server.createSession "HTTP/1.1 200 OK"
2025-11-26 13:23:54,932 - INFO - HTTP Request: GET https://agrocybe.us-west.host.bsky.network/xrpc/app.bsky.actor.getProfile?actor=idontrespectwood.bsky.social "HTTP/1.1 200 OK"
2025-11-26 13:23:54,934 - INFO - Logged in to Bluesky as idontrespectwood.bsky.social
2025-11-26 13:23:54,934 - INFO - Initialized Twitter API v2 client
2025-11-26 13:23:59,042 - INFO - HTTP Request: POST https://agrocybe.us-west.host.bsky.network/xrpc/com.atproto.repo.createRecord "HTTP/1.1 200 OK"
2025-11-26 13:23:59,045 - INFO - Posted to Bluesky: I hate a surprise gift. Now I owe you something. It’s financial extortion disguised as generosity, I mean, you know.
2025-11-26 13:23:59,303 - INFO - Successfully tweeted quote (ID: 1993792876447453640)
2025-11-26 13:23:59,303 - INFO - Posted quote: I hate a surprise gift. Now I owe you something. It’s financial extortion disguised as generosity, I mean, you know.
